13:49:16: Creating resource group General
13:49:16: Creating resource group Internal
13:49:16: Creating resource group Autodetect
13:49:16: SceneManagerFactory for type 'DefaultSceneManager' registered.
13:49:16: Registering ResourceManager for type Material
13:49:16: Registering ResourceManager for type Mesh
13:49:16: Registering ResourceManager for type Skeleton
13:49:16: MovableObjectFactory for type 'ParticleSystem' registered.
13:49:16: OverlayElementFactory for type Panel registered.
13:49:16: OverlayElementFactory for type BorderPanel registered.
13:49:16: OverlayElementFactory for type TextArea registered.
13:49:16: Registering ResourceManager for type Font
13:49:16: ArchiveFactory for archive type FileSystem registered.
13:49:16: ArchiveFactory for archive type Zip registered.
13:49:16: DDS codec registering
13:49:16: FreeImage version: 3.13.1
13:49:16: This program uses FreeImage, a free, open source image library supporting all common bitmap formats. See http://freeimage.sourceforge.net for details
13:49:16: Supported formats: bmp,ico,jpg,jif,jpeg,jpe,jng,koa,iff,lbm,mng,pbm,pbm,pcd,pcx,pgm,pgm,png,ppm,ppm,ras,tga,targa,tif,tiff,wap,wbmp,wbm,psd,cut,xbm,xpm,gif,hdr,g3,sgi,exr,j2k,j2c,jp2,pfm,pct,pict,pic,bay,bmq,cr2,crw,cs1,dc2,dcr,dng,erf,fff,hdr,k25,kdc,mdc,mos,mrw,nef,orf,pef,pxn,raf,raw,rdc,sr2,srf,arw,3fr,cine,ia,kc2,mef,nrw,qtk,rw2,sti,drf,dsc,ptx,cap,iiq,rwz
13:49:16: Registering ResourceManager for type HighLevelGpuProgram
13:49:16: Registering ResourceManager for type Compositor
13:49:16: MovableObjectFactory for type 'Entity' registered.
13:49:16: MovableObjectFactory for type 'Light' registered.
13:49:16: MovableObjectFactory for type 'BillboardSet' registered.
13:49:16: MovableObjectFactory for type 'ManualObject' registered.
13:49:16: MovableObjectFactory for type 'BillboardChain' registered.
13:49:16: MovableObjectFactory for type 'RibbonTrail' registered.
13:49:16: Loading library .\RenderSystem_Direct3D9_d
13:49:17: Installing plugin: D3D9 RenderSystem
13:49:17: D3D9 : Direct3D9 Rendering Subsystem created.
13:49:17: D3D9: Driver Detection Starts
13:49:17: D3D9: Driver Detection Ends
13:49:17: Plugin successfully installed
13:49:17: Loading library .\RenderSystem_GL_d
13:49:18: Installing plugin: GL RenderSystem
13:49:18: OpenGL Rendering Subsystem created.
13:49:22: Plugin successfully installed
13:49:22: *-*-* OGRE Initialising
13:49:22: *-*-* Version 1.7.2 (Cthugha)
13:49:22: D3D9 : RenderSystem Option: Allow NVPerfHUD = No
13:49:22: D3D9 : RenderSystem Option: FSAA = 0
13:49:22: D3D9 : RenderSystem Option: Floating-point mode = Fastest
13:49:22: D3D9 : RenderSystem Option: Full Screen = No
13:49:22: D3D9 : RenderSystem Option: Rendering Device = Monitor-1-ATI Radeon HD 4800 Series
13:49:22: D3D9 : RenderSystem Option: Resource Creation Policy = Create on all devices
13:49:22: D3D9 : RenderSystem Option: VSync = No
13:49:22: D3D9 : RenderSystem Option: VSync Interval = 1
13:49:22: D3D9 : RenderSystem Option: Video Mode = 800 x 600 @ 32-bit colour
13:49:22: D3D9 : RenderSystem Option: sRGB Gamma Conversion = No
13:49:26: CPU Identifier & Features
13:49:26: -------------------------
13:49:26:  *   CPU ID: GenuineIntel: Intel(R) Core(TM)2 Quad CPU    Q8300  @ 2.50GHz
13:49:26:  *      SSE: yes
13:49:26:  *     SSE2: yes
13:49:26:  *     SSE3: yes
13:49:26:  *      MMX: yes
13:49:26:  *   MMXEXT: yes
13:49:26:  *    3DNOW: no
13:49:26:  * 3DNOWEXT: no
13:49:26:  *     CMOV: yes
13:49:26:  *      TSC: yes
13:49:26:  *      FPU: yes
13:49:26:  *      PRO: yes
13:49:26:  *       HT: no
13:49:26: -------------------------
13:49:26: *** Starting Win32GL Subsystem ***
13:49:26: GLRenderSystem::_createRenderWindow "OGRE Render Window", 1024x768 windowed  miscParams: FSAA=0 FSAAHint= colourDepth=32 displayFrequency=0 gamma=false vsync=false vsyncInterval=1 
13:49:26: Created Win32Window 'OGRE Render Window' : 1032x802, 32bpp
13:49:26: GL_VERSION = 3.3.11161 Compatibility Profile Context
13:49:26: GL_VENDOR = ATI Technologies Inc.
13:49:26: GL_RENDERER = ATI Radeon HD 4800 Series
13:49:27: GL_EXTENSIONS = GL_AMDX_debug_output GL_AMDX_vertex_shader_tessellator GL_AMD_conservative_depth GL_AMD_debug_output GL_AMD_depth_clamp_separate GL_AMD_draw_buffers_blend GL_AMD_name_gen_delete GL_AMD_performance_monitor GL_AMD_pinned_memory GL_AMD_sample_positions GL_AMD_seamless_cubemap_per_texture GL_AMD_shader_stencil_export GL_AMD_texture_cube_map_array GL_AMD_texture_texture4 GL_AMD_vertex_shader_tessellator GL_ARB_ES2_compatibility GL_ARB_blend_func_extended GL_ARB_color_buffer_float GL_ARB_copy_buffer GL_ARB_depth_buffer_float GL_ARB_depth_clamp GL_ARB_depth_texture GL_ARB_draw_buffers GL_ARB_draw_buffers_blend GL_ARB_draw_elements_base_vertex GL_ARB_draw_instanced GL_ARB_explicit_attrib_location GL_ARB_fragment_coord_conventions GL_ARB_fragment_program GL_ARB_fragment_program_shadow GL_ARB_fragment_shader GL_ARB_framebuffer_object GL_ARB_framebuffer_sRGB GL_ARB_geometry_shader4 GL_ARB_get_program_binary GL_ARB_half_float_pixel GL_ARB_half_float_vertex GL_ARB_imaging GL_ARB_instanced_arrays GL_ARB_map_buffer_range GL_ARB_multisample GL_ARB_multitexture GL_ARB_occlusion_query GL_ARB_occlusion_query2 GL_ARB_pixel_buffer_object GL_ARB_point_parameters GL_ARB_point_sprite GL_ARB_provoking_vertex GL_ARB_sample_shading GL_ARB_sampler_objects GL_ARB_seamless_cube_map GL_ARB_separate_shader_objects GL_ARB_shader_bit_encoding GL_ARB_shader_objects GL_ARB_shader_precision GL_ARB_shader_stencil_export GL_ARB_shader_texture_lod GL_ARB_shading_language_100 GL_ARB_shadow GL_ARB_shadow_ambient GL_ARB_sync GL_ARB_texture_border_clamp GL_ARB_texture_buffer_object GL_ARB_texture_buffer_object_rgb32 GL_ARB_texture_compression GL_ARB_texture_compression_rgtc GL_ARB_texture_cube_map GL_ARB_texture_cube_map_array GL_ARB_texture_env_add GL_ARB_texture_env_combine GL_ARB_texture_env_crossbar GL_ARB_texture_env_dot3 GL_ARB_texture_float GL_ARB_texture_gather GL_ARB_texture_mirrored_repeat GL_ARB_texture_multisample GL_ARB_texture_non_power_of_two GL_ARB_texture_query_lod GL_ARB_texture_rectangle GL_ARB_texture_rg GL_ARB_texture_rgb10_a2ui GL_ARB_texture_snorm GL_ARB_timer_query GL_ARB_transform_feedback2 GL_ARB_transform_feedback3 GL_ARB_transpose_matrix GL_ARB_uniform_buffer_object GL_ARB_vertex_array_bgra GL_ARB_vertex_array_object GL_ARB_vertex_buffer_object GL_ARB_vertex_program GL_ARB_vertex_shader GL_ARB_vertex_type_2_10_10_10_rev GL_ARB_viewport_array GL_ARB_window_pos GL_ATI_draw_buffers GL_ATI_envmap_bumpmap GL_ATI_fragment_shader GL_ATI_meminfo GL_ATI_separate_stencil GL_ATI_texture_compression_3dc GL_ATI_texture_env_combine3 GL_ATI_texture_float GL_ATI_texture_mirror_once GL_EXT_abgr GL_EXT_bgra GL_EXT_bindable_uniform GL_EXT_blend_color GL_EXT_blend_equation_separate GL_EXT_blend_func_separate GL_EXT_blend_minmax GL_EXT_blend_subtract GL_EXT_compiled_vertex_array GL_EXT_copy_buffer GL_EXT_copy_texture GL_EXT_direct_state_access GL_EXT_draw_buffers2 GL_EXT_draw_instanced GL_EXT_draw_range_elements GL_EXT_fog_coord GL_EXT_framebuffer_blit GL_EXT_framebuffer_multisample GL_EXT_framebuffer_object GL_EXT_framebuffer_sRGB GL_EXT_geometry_shader4 GL_EXT_gpu_program_parameters GL_EXT_gpu_shader4 GL_EXT_histogram GL_EXT_multi_draw_arrays GL_EXT_packed_depth_stencil GL_EXT_packed_float GL_EXT_packed_pixels GL_EXT_pixel_buffer_object GL_EXT_point_parameters GL_EXT_provoking_vertex GL_EXT_rescale_normal GL_EXT_secondary_color GL_EXT_separate_specular_color GL_EXT_shadow_funcs GL_EXT_stencil_wrap GL_EXT_subtexture GL_EXT_texgen_reflection GL_EXT_texture3D GL_EXT_texture_array GL_EXT_texture_buffer_object GL_EXT_texture_compression_latc GL_EXT_texture_compression_rgtc GL_EXT_texture_compression_s3tc GL_EXT_texture_cube_map GL_EXT_texture_edge_clamp GL_EXT_texture_env_add GL_EXT_texture_env_combine GL_EXT_texture_env_dot3 GL_EXT_texture_filter_anisotropic GL_EXT_texture_integer GL_EXT_texture_lod GL_EXT_texture_lod_bias GL_EXT_texture_mirror_clamp GL_EXT_texture_object GL_EXT_texture_rectangle GL_EXT_texture_sRGB GL_EXT_texture_shared_exponent GL_EXT_texture_snorm GL_EXT_texture_swizzle GL_EXT_timer_query GL_EXT_transform_feedback GL_EXT_vertex_array GL_EXT_vertex_array_bgra GL_IBM_texture_mirrored_repeat GL_KTX_buffer_region GL_NV_blend_square GL_NV_conditional_render GL_NV_copy_depth_to_color GL_NV_explicit_multisample GL_NV_float_buffer GL_NV_half_float GL_NV_primitive_restart GL_NV_texgen_reflection GL_NV_texture_barrier GL_SGIS_generate_mipmap GL_SGIS_texture_edge_clamp GL_SGIS_texture_lod GL_SUN_multi_draw_arrays GL_WIN_swap_hint WGL_EXT_swap_control
13:49:27: Supported WGL extensions: WGL_ARB_extensions_string WGL_ARB_pixel_format WGL_ATI_pixel_format_float WGL_ARB_pixel_format_float WGL_ARB_multisample WGL_EXT_swap_control WGL_ARB_pbuffer WGL_ARB_render_texture WGL_ARB_make_current_read WGL_EXT_extensions_string WGL_ARB_buffer_region WGL_EXT_framebuffer_sRGB WGL_ATI_render_texture_rectangle WGL_EXT_pixel_format_packed_float WGL_I3D_genlock WGL_NV_swap_group WGL_ARB_create_context WGL_AMD_gpu_association WGL_AMDX_gpu_association WGL_ARB_create_context_profile WGL_NV_float_buffer
13:49:27: ***************************
13:49:27: *** GL Renderer Started ***
13:49:27: ***************************
13:49:27: Registering ResourceManager for type GpuProgram
13:49:27: GLSL support detected
13:49:27: GL: Using GL_EXT_framebuffer_object for rendering to textures (best)
13:49:27: FBO PF_UNKNOWN depth/stencil support: D0S1 D0S4 D0S8 D0S16 D16S0 D24S0 D32S0 Packed-D24S8 
13:49:27: FBO PF_L8 depth/stencil support: D0S0 D0S1 D0S4 D0S8 D0S16 D16S0 D24S0 D32S0 Packed-D24S8 
13:49:27: FBO PF_L16 depth/stencil support: D0S0 D0S1 D0S4 D0S8 D0S16 D16S0 D24S0 D32S0 Packed-D24S8 
13:49:27: FBO PF_A8 depth/stencil support: D0S0 D0S1 D0S4 D0S8 D0S16 D16S0 D24S0 D32S0 Packed-D24S8 
13:49:27: FBO PF_A4L4 depth/stencil support: D0S0 D0S1 D0S4 D0S8 D0S16 D16S0 D24S0 D32S0 Packed-D24S8 
13:49:27: FBO PF_BYTE_LA depth/stencil support: D0S0 D0S1 D0S4 D0S8 D0S16 D16S0 D24S0 D32S0 Packed-D24S8 
13:49:27: FBO PF_R5G6B5 depth/stencil support: D0S0 D0S1 D0S4 D0S8 D0S16 D16S0 D24S0 D32S0 Packed-D24S8 
13:49:27: FBO PF_B5G6R5 depth/stencil support: D0S0 D0S1 D0S4 D0S8 D0S16 D16S0 D24S0 D32S0 Packed-D24S8 
13:49:27: FBO PF_A4R4G4B4 depth/stencil support: D0S0 D0S1 D0S4 D0S8 D0S16 D16S0 D24S0 D32S0 Packed-D24S8 
13:49:27: FBO PF_A1R5G5B5 depth/stencil support: D0S0 D0S1 D0S4 D0S8 D0S16 D16S0 D24S0 D32S0 Packed-D24S8 
13:49:27: FBO PF_R8G8B8 depth/stencil support: D0S0 D0S1 D0S4 D0S8 D0S16 D16S0 D24S0 D32S0 Packed-D24S8 
13:49:27: FBO PF_B8G8R8 depth/stencil support: D0S0 D0S1 D0S4 D0S8 D0S16 D16S0 D24S0 D32S0 Packed-D24S8 
13:49:27: FBO PF_A8R8G8B8 depth/stencil support: D0S0 D0S1 D0S4 D0S8 D0S16 D16S0 D24S0 D32S0 Packed-D24S8 
13:49:27: FBO PF_B8G8R8A8 depth/stencil support: D0S0 D0S1 D0S4 D0S8 D0S16 D16S0 D24S0 D32S0 Packed-D24S8 
13:49:27: FBO PF_A2R10G10B10 depth/stencil support: D0S0 D0S1 D0S4 D0S8 D0S16 D16S0 D24S0 D32S0 Packed-D24S8 
13:49:27: FBO PF_A2B10G10R10 depth/stencil support: D0S0 D0S1 D0S4 D0S8 D0S16 D16S0 D24S0 D32S0 Packed-D24S8 
13:49:27: FBO PF_FLOAT16_RGB depth/stencil support: D0S0 D0S1 D0S4 D0S8 D0S16 D16S0 D24S0 D32S0 Packed-D24S8 
13:49:27: FBO PF_FLOAT16_RGBA depth/stencil support: D0S0 D0S1 D0S4 D0S8 D0S16 D16S0 D24S0 D32S0 Packed-D24S8 
13:49:27: FBO PF_FLOAT32_RGB depth/stencil support: D0S0 D0S1 D0S4 D0S8 D0S16 D16S0 D24S0 D32S0 Packed-D24S8 
13:49:27: FBO PF_FLOAT32_RGBA depth/stencil support: D0S0 D0S1 D0S4 D0S8 D0S16 D16S0 D24S0 D32S0 Packed-D24S8 
13:49:27: FBO PF_X8R8G8B8 depth/stencil support: D0S0 D0S1 D0S4 D0S8 D0S16 D16S0 D24S0 D32S0 Packed-D24S8 
13:49:27: FBO PF_X8B8G8R8 depth/stencil support: D0S0 D0S1 D0S4 D0S8 D0S16 D16S0 D24S0 D32S0 Packed-D24S8 
13:49:27: FBO PF_SHORT_RGBA depth/stencil support: D0S0 D0S1 D0S4 D0S8 D0S16 D16S0 D24S0 D32S0 Packed-D24S8 
13:49:27: FBO PF_R3G3B2 depth/stencil support: D0S0 D0S1 D0S4 D0S8 D0S16 D16S0 D24S0 D32S0 Packed-D24S8 
13:49:27: FBO PF_FLOAT16_R depth/stencil support: D0S0 D0S1 D0S4 D0S8 D0S16 D16S0 D24S0 D32S0 Packed-D24S8 
13:49:27: FBO PF_FLOAT32_R depth/stencil support: D0S0 D0S1 D0S4 D0S8 D0S16 D16S0 D24S0 D32S0 Packed-D24S8 
13:49:27: FBO PF_SHORT_GR depth/stencil support: D0S0 D0S1 D0S4 D0S8 D0S16 D16S0 D24S0 D32S0 Packed-D24S8 
13:49:27: FBO PF_FLOAT16_GR depth/stencil support: D0S0 D0S1 D0S4 D0S8 D0S16 D16S0 D24S0 D32S0 Packed-D24S8 
13:49:27: FBO PF_FLOAT32_GR depth/stencil support: D0S0 D0S1 D0S4 D0S8 D0S16 D16S0 D24S0 D32S0 Packed-D24S8 
13:49:27: FBO PF_SHORT_RGB depth/stencil support: D0S0 D0S1 D0S4 D0S8 D0S16 D16S0 D24S0 D32S0 Packed-D24S8 
13:49:27: [GL] : Valid FBO targets PF_UNKNOWN PF_L8 PF_L16 PF_A8 PF_A4L4 PF_BYTE_LA PF_R5G6B5 PF_B5G6R5 PF_A4R4G4B4 PF_A1R5G5B5 PF_R8G8B8 PF_B8G8R8 PF_A8R8G8B8 PF_B8G8R8A8 PF_A2R10G10B10 PF_A2B10G10R10 PF_FLOAT16_RGB PF_FLOAT16_RGBA PF_FLOAT32_RGB PF_FLOAT32_RGBA PF_X8R8G8B8 PF_X8B8G8R8 PF_SHORT_RGBA PF_R3G3B2 PF_FLOAT16_R PF_FLOAT32_R PF_SHORT_GR PF_FLOAT16_GR PF_FLOAT32_GR PF_SHORT_RGB 
13:49:27: RenderSystem capabilities
13:49:27: -------------------------
13:49:27: RenderSystem Name: OpenGL Rendering Subsystem
13:49:27: GPU Vendor: ati
13:49:27: Device Name: ATI Radeon HD 4800 Series
13:49:27: Driver Version: 3.3.11161.0
13:49:27:  * Fixed function pipeline: yes
13:49:27:  * Hardware generation of mipmaps: yes
13:49:27:  * Texture blending: yes
13:49:27:  * Anisotropic texture filtering: yes
13:49:27:  * Dot product texture operation: yes
13:49:27:  * Cube mapping: yes
13:49:27:  * Hardware stencil buffer: yes
13:49:27:    - Stencil depth: 8
13:49:27:    - Two sided stencil support: yes
13:49:27:    - Wrap stencil values: yes
13:49:27:  * Hardware vertex / index buffers: yes
13:49:27:  * Vertex programs: yes
13:49:27:  * Number of floating-point constants for vertex programs: 256
13:49:27:  * Number of integer constants for vertex programs: 0
13:49:27:  * Number of boolean constants for vertex programs: 0
13:49:27:  * Fragment programs: yes
13:49:27:  * Number of floating-point constants for fragment programs: 256
13:49:27:  * Number of integer constants for fragment programs: 0
13:49:27:  * Number of boolean constants for fragment programs: 0
13:49:27:  * Geometry programs: yes
13:49:27:  * Number of floating-point constants for geometry programs: 52428
13:49:27:  * Number of integer constants for geometry programs: 0
13:49:27:  * Number of boolean constants for geometry programs: 0
13:49:27:  * Supported Shader Profiles: arbfp1 arbvp1 glsl gp4gp gpu_gp nvgp4 ps_1_1 ps_1_2 ps_1_3 ps_1_4
13:49:27:  * Texture Compression: yes
13:49:27:    - DXT: yes
13:49:27:    - VTC: no
13:49:27:    - PVRTC: no
13:49:27:  * Scissor Rectangle: yes
13:49:27:  * Hardware Occlusion Query: yes
13:49:27:  * User clip planes: yes
13:49:27:  * VET_UBYTE4 vertex element type: yes
13:49:27:  * Infinite far plane projection: yes
13:49:27:  * Hardware render-to-texture: yes
13:49:27:  * Floating point textures: yes
13:49:27:  * Non-power-of-two textures: yes
13:49:27:  * Volume textures: yes
13:49:27:  * Multiple Render Targets: 8
13:49:27:    - With different bit depths: yes
13:49:27:  * Point Sprites: yes
13:49:27:  * Extended point parameters: yes
13:49:27:  * Max Point Size: 8192
13:49:27:  * Vertex texture fetch: yes
13:49:27:  * Number of world matrices: 0
13:49:27:  * Number of texture units: 16
13:49:27:  * Stencil buffer depth: 8
13:49:27:  * Number of vertex blend matrices: 0
13:49:27:    - Max vertex textures: 16
13:49:27:    - Vertex textures shared: yes
13:49:27:  * Render to Vertex Buffer : no
13:49:27:  * GL 1.5 without VBO workaround: no
13:49:27:  * Frame Buffer objects: yes
13:49:27:  * Frame Buffer objects (ARB extension): no
13:49:27:  * Frame Buffer objects (ATI extension): no
13:49:27:  * PBuffer support: yes
13:49:27:  * GL 1.5 without HW-occlusion workaround: no
13:49:27: Registering ResourceManager for type Texture
13:49:27: Using FSAA from GL_ARB_multisample extension.
13:49:27: DefaultWorkQueue('Root') initialising on thread 00065520.
13:49:27: DefaultWorkQueue('Root')::WorkerFunc - thread 0007EFB0 starting.
13:49:27: DefaultWorkQueue('Root')::WorkerFunc - thread 0007F150 starting.
13:49:27: DefaultWorkQueue('Root')::WorkerFunc - thread 0007F110 starting.
13:49:27: DefaultWorkQueue('Root')::WorkerFunc - thread 00089AB8 starting.
13:49:27: Particle Renderer Type 'billboard' registered
13:49:28: Added resource location '../data/Media/MyGUI_Media' of type 'FileSystem' to resource group 'General'
13:49:28: Added resource location '../data/Media/MyGUI_Media/Common/Base' of type 'FileSystem' to resource group 'General'
13:49:28: Added resource location '../data/Media/Demos/Demo_Themes' of type 'FileSystem' to resource group 'General'
13:49:28: Parsing scripts for resource group Autodetect
13:49:28: Finished parsing scripts for resource group Autodetect
13:49:28: Parsing scripts for resource group General
13:49:28: Finished parsing scripts for resource group General
13:49:28: Parsing scripts for resource group Internal
13:49:28: Finished parsing scripts for resource group Internal
13:49:29: Texture: MyGUI_BlueWhiteSkins.png: Loading 1 faces(PF_A8R8G8B8,512x256x1) with  hardware generated mipmaps from Image. Internal format is PF_A8R8G8B8,512x256x1.
13:49:29: Texture: MyGUI_Pointers.png: Loading 1 faces(PF_A8R8G8B8,256x128x1) with  hardware generated mipmaps from Image. Internal format is PF_A8R8G8B8,256x128x1.
