10:15:14: Creating resource group General
10:15:14: Creating resource group Internal
10:15:14: Creating resource group Autodetect
10:15:14: SceneManagerFactory for type 'DefaultSceneManager' registered.
10:15:14: Registering ResourceManager for type Material
10:15:14: Registering ResourceManager for type Mesh
10:15:14: Registering ResourceManager for type Skeleton
10:15:14: MovableObjectFactory for type 'ParticleSystem' registered.
10:15:14: OverlayElementFactory for type Panel registered.
10:15:14: OverlayElementFactory for type BorderPanel registered.
10:15:14: OverlayElementFactory for type TextArea registered.
10:15:14: Registering ResourceManager for type Font
10:15:14: ArchiveFactory for archive type FileSystem registered.
10:15:14: ArchiveFactory for archive type Zip registered.
10:15:14: DDS codec registering
10:15:14: FreeImage version: 3.13.1
10:15:14: This program uses FreeImage, a free, open source image library supporting all common bitmap formats. See http://freeimage.sourceforge.net for details
10:15:14: Supported formats: bmp,ico,jpg,jif,jpeg,jpe,jng,koa,iff,lbm,mng,pbm,pbm,pcd,pcx,pgm,pgm,png,ppm,ppm,ras,tga,targa,tif,tiff,wap,wbmp,wbm,psd,cut,xbm,xpm,gif,hdr,g3,sgi,exr,j2k,j2c,jp2,pfm,pct,pict,pic,bay,bmq,cr2,crw,cs1,dc2,dcr,dng,erf,fff,hdr,k25,kdc,mdc,mos,mrw,nef,orf,pef,pxn,raf,raw,rdc,sr2,srf,arw,3fr,cine,ia,kc2,mef,nrw,qtk,rw2,sti,drf,dsc,ptx,cap,iiq,rwz
10:15:14: Registering ResourceManager for type HighLevelGpuProgram
10:15:14: Registering ResourceManager for type Compositor
10:15:14: MovableObjectFactory for type 'Entity' registered.
10:15:14: MovableObjectFactory for type 'Light' registered.
10:15:14: MovableObjectFactory for type 'BillboardSet' registered.
10:15:14: MovableObjectFactory for type 'ManualObject' registered.
10:15:14: MovableObjectFactory for type 'BillboardChain' registered.
10:15:14: MovableObjectFactory for type 'RibbonTrail' registered.
10:15:14: OGRE EXCEPTION(6:FileNotFoundException): 'plugins.cfg' file not found! in ConfigFile::load at ..\..\..\..\OgreMain\src\OgreConfigFile.cpp (line 83)
10:15:14: plugins.cfg not found, automatic plugin loading disabled.
10:15:14: *-*-* OGRE Initialising
10:15:14: *-*-* Version 1.7.2 (Cthugha)
10:15:14: OGRE EXCEPTION(1:InvalidStateException): Cannot create window - no render system has been selected. in Root::createRenderWindow at ..\..\..\..\OgreMain\src\OgreRoot.cpp (line 1196)
